Performing C SOURCE FILE Test CMAKE_HAVE_LIBC_PTHREAD failed with the following output:
Change Dir: /home/jimenez/my_project/build/CMakeFiles/CMakeTmp

Run Build Command(s):/usr/bin/gmake cmTC_95717/fast && /usr/bin/gmake -f CMakeFiles/cmTC_95717.dir/build.make CMakeFiles/cmTC_95717.dir/build
gmake[1]: Entering directory '/home/jimenez/my_project/build/CMakeFiles/CMakeTmp'
Building C object CMakeFiles/cmTC_95717.dir/src.c.o
/usr/bin/cc   -DCMAKE_HAVE_LIBC_PTHREAD   -o CMakeFiles/cmTC_95717.dir/src.c.o   -c /home/jimenez/my_project/build/CMakeFiles/CMakeTmp/src.c
Linking C executable cmTC_95717
/usr/bin/cmake -E cmake_link_script CMakeFiles/cmTC_95717.dir/link.txt --verbose=1
/usr/bin/cc  -DCMAKE_HAVE_LIBC_PTHREAD    -rdynamic CMakeFiles/cmTC_95717.dir/src.c.o  -o cmTC_95717 
/usr/lib64/gcc/x86_64-suse-linux/7/../../../../x86_64-suse-linux/bin/ld: CMakeFiles/cmTC_95717.dir/src.c.o: in function `main':
src.c:(.text+0x2d): undefined reference to `pthread_create'
/usr/lib64/gcc/x86_64-suse-linux/7/../../../../x86_64-suse-linux/bin/ld: src.c:(.text+0x39): undefined reference to `pthread_detach'
/usr/lib64/gcc/x86_64-suse-linux/7/../../../../x86_64-suse-linux/bin/ld: src.c:(.text+0x45): undefined reference to `pthread_cancel'
/usr/lib64/gcc/x86_64-suse-linux/7/../../../../x86_64-suse-linux/bin/ld: src.c:(.text+0x56): undefined reference to `pthread_join'
collect2: error: ld returned 1 exit status
gmake[1]: *** [CMakeFiles/cmTC_95717.dir/build.make:104: cmTC_95717] Error 1
gmake[1]: Leaving directory '/home/jimenez/my_project/build/CMakeFiles/CMakeTmp'
gmake: *** [Makefile:138: cmTC_95717/fast] Error 2


Source file was:
#include <pthread.h>

void* test_func(void* data)
{
  return data;
}

int main(void)
{
  pthread_t thread;
  pthread_create(&thread, NULL, test_func, NULL);
  pthread_detach(thread);
  pthread_cancel(thread);
  pthread_join(thread, NULL);
  pthread_atfork(NULL, NULL, NULL);
  pthread_exit(NULL);

  return 0;
}

Determining if the function pthread_create exists in the pthreads failed with the following output:
Change Dir: /home/jimenez/my_project/build/CMakeFiles/CMakeTmp

Run Build Command(s):/usr/bin/gmake cmTC_7f23e/fast && /usr/bin/gmake -f CMakeFiles/cmTC_7f23e.dir/build.make CMakeFiles/cmTC_7f23e.dir/build
gmake[1]: Entering directory '/home/jimenez/my_project/build/CMakeFiles/CMakeTmp'
Building C object CMakeFiles/cmTC_7f23e.dir/CheckFunctionExists.c.o
/usr/bin/cc   -DCHECK_FUNCTION_EXISTS=pthread_create   -o CMakeFiles/cmTC_7f23e.dir/CheckFunctionExists.c.o   -c /usr/share/cmake/Modules/CheckFunctionExists.c
Linking C executable cmTC_7f23e
/usr/bin/cmake -E cmake_link_script CMakeFiles/cmTC_7f23e.dir/link.txt --verbose=1
/usr/bin/cc  -DCHECK_FUNCTION_EXISTS=pthread_create    -rdynamic CMakeFiles/cmTC_7f23e.dir/CheckFunctionExists.c.o  -o cmTC_7f23e  -lpthreads 
/usr/lib64/gcc/x86_64-suse-linux/7/../../../../x86_64-suse-linux/bin/ld: cannot find -lpthreads
collect2: error: ld returned 1 exit status
gmake[1]: *** [CMakeFiles/cmTC_7f23e.dir/build.make:104: cmTC_7f23e] Error 1
gmake[1]: Leaving directory '/home/jimenez/my_project/build/CMakeFiles/CMakeTmp'
gmake: *** [Makefile:138: cmTC_7f23e/fast] Error 2



